0 info it worked if it ends with ok
1 verbose cli [ 'node',
1 verbose cli   '/Users/photon/.nvm/versions/node/v0.12.4/bin/npm',
1 verbose cli   'test' ]
2 info using npm@2.13.1
3 info using node@v0.12.4
4 verbose stack Error: ENOENT, open '/Users/photon/Development/3C/package.json'
4 verbose stack     at Error (native)
5 verbose cwd /Users/photon/Development/3C
6 error Darwin 14.5.0
7 error argv "node" "/Users/photon/.nvm/versions/node/v0.12.4/bin/npm" "test"
8 error node v0.12.4
9 error npm  v2.13.1
10 error path /Users/photon/Development/3C/package.json
11 error code ENOENT
12 error errno -2
13 error enoent ENOENT, open '/Users/photon/Development/3C/package.json'
13 error enoent This is most likely not a problem with npm itself
13 error enoent and is related to npm not being able to find a file.
14 verbose exit [ -2, true ]
